<?xml version="1.0" encoding="UTF-8"?>
<!-- Generated by org.testng.reporters.JUnitXMLReporter -->
<testsuite ignored="0" hostname="INBook_X1" failures="0" tests="3" name="Test" time="13.941" errors="0" timestamp="28 Apr 2024 10:12:53 GMT">
  <testcase classname="com.AutomationTalks.demoProject1.TestClass1" name="Test1" time="3.37"/>
  <testcase classname="com.AutomationTalks.demoProject1.TestClass1" name="Test2" time="2.115"/>
  <testcase classname="com.AutomationTalks.demoProject1.TestClass1" name="Test3" time="2.205"/>
</testsuite> <!-- Test -->
