<?xml version="1.0" encoding="UTF-8"?>
<testng-results ignored="0" total="3" passed="3" failed="0" skipped="0">
  <reporter-output>
  </reporter-output>
  <suite started-at="2024-04-28T10:12:39Z" name="Suite" finished-at="2024-04-28T10:12:53Z" duration-ms="13941">
    <groups>
    </groups>
    <test started-at="2024-04-28T10:12:39Z" name="Test" finished-at="2024-04-28T10:12:53Z" duration-ms="13941">
      <class name="com.AutomationTalks.demoProject1.TestClass1">
        <test-method is-config="true" signature="launchDriver()[pri:0, instance:com.AutomationTalks.demoProject1.TestClass1@60015ef5]" started-at="2024-04-28T10:12:39Z" name="launchDriver" finished-at="2024-04-28T10:12:41Z" duration-ms="1880" status="PASS">
          <reporter-output>
          </reporter-output>
        </test-method> <!-- launchDriver -->
        <test-method signature="Test1()[pri:0, instance:com.AutomationTalks.demoProject1.TestClass1@60015ef5]" started-at="2024-04-28T10:12:41Z" name="Test1" finished-at="2024-04-28T10:12:44Z" duration-ms="3370" status="PASS">
          <reporter-output>
          </reporter-output>
        </test-method> <!-- Test1 -->
        <test-method is-config="true" signature="quit()[pri:0, instance:com.AutomationTalks.demoProject1.TestClass1@60015ef5]" started-at="2024-04-28T10:12:44Z" name="quit" finished-at="2024-04-28T10:12:45Z" duration-ms="690" status="PASS">
          <reporter-output>
          </reporter-output>
        </test-method> <!-- quit -->
        <test-method is-config="true" signature="launchDriver()[pri:0, instance:com.AutomationTalks.demoProject1.TestClass1@60015ef5]" started-at="2024-04-28T10:12:45Z" name="launchDriver" finished-at="2024-04-28T10:12:46Z" duration-ms="1154" status="PASS">
          <reporter-output>
          </reporter-output>
        </test-method> <!-- launchDriver -->
        <test-method signature="Test2()[pri:0, instance:com.AutomationTalks.demoProject1.TestClass1@60015ef5]" started-at="2024-04-28T10:12:46Z" name="Test2" finished-at="2024-04-28T10:12:48Z" duration-ms="2115" status="PASS">
          <reporter-output>
          </reporter-output>
        </test-method> <!-- Test2 -->
        <test-method is-config="true" signature="quit()[pri:0, instance:com.AutomationTalks.demoProject1.TestClass1@60015ef5]" started-at="2024-04-28T10:12:48Z" name="quit" finished-at="2024-04-28T10:12:49Z" duration-ms="698" status="PASS">
          <reporter-output>
          </reporter-output>
        </test-method> <!-- quit -->
        <test-method is-config="true" signature="launchDriver()[pri:0, instance:com.AutomationTalks.demoProject1.TestClass1@60015ef5]" started-at="2024-04-28T10:12:49Z" name="launchDriver" finished-at="2024-04-28T10:12:50Z" duration-ms="1127" status="PASS">
          <reporter-output>
          </reporter-output>
        </test-method> <!-- launchDriver -->
        <test-method signature="Test3()[pri:0, instance:com.AutomationTalks.demoProject1.TestClass1@60015ef5]" started-at="2024-04-28T10:12:50Z" name="Test3" finished-at="2024-04-28T10:12:52Z" duration-ms="2205" status="PASS">
          <reporter-output>
          </reporter-output>
        </test-method> <!-- Test3 -->
        <test-method is-config="true" signature="quit()[pri:0, instance:com.AutomationTalks.demoProject1.TestClass1@60015ef5]" started-at="2024-04-28T10:12:52Z" name="quit" finished-at="2024-04-28T10:12:53Z" duration-ms="675" status="PASS">
          <reporter-output>
          </reporter-output>
        </test-method> <!-- quit -->
      </class> <!-- com.AutomationTalks.demoProject1.TestClass1 -->
    </test> <!-- Test -->
  </suite> <!-- Suite -->
</testng-results>
